[0m14:14:00.483523 [debug] [MainThread]: Sending event: {'category': 'dbt', 'action': 'invocation', 'label': 'start', 'context': [<snowplow_tracker.self_describing_json.SelfDescribingJson object at 0x10622c430>, <snowplow_tracker.self_describing_json.SelfDescribingJson object at 0x1121b0430>, <snowplow_tracker.self_describing_json.SelfDescribingJson object at 0x1121b04c0>]}


============================== 14:14:00.487916 | 7edf130c-bbaf-4c12-a152-ca23be518903 ==============================
[0m14:14:00.487916 [info ] [MainThread]: Running with dbt=1.6.0
[0m14:14:00.488215 [debug] [MainThread]: running dbt with arguments {'printer_width': '80', 'indirect_selection': 'eager', 'log_cache_events': 'False', 'write_json': 'True', 'partial_parse': 'True', 'cache_selected_only': 'False', 'warn_error': 'None', 'version_check': 'True', 'profiles_dir': '/Users/anil.agrawal/.dbt', 'log_path': 'logs', 'debug': 'False', 'fail_fast': 'False', 'use_colors': 'True', 'use_experimental_parser': 'False', 'no_print': 'None', 'quiet': 'False', 'warn_error_options': 'WarnErrorOptions(include=[], exclude=[])', 'invocation_command': 'dbt init', 'log_format': 'default', 'introspect': 'True', 'target_path': 'None', 'static_parser': 'True', 'send_anonymous_usage_stats': 'True'}
[0m14:14:33.583931 [error] [MainThread]: Encountered an error:

[0m14:14:33.590099 [error] [MainThread]: Traceback (most recent call last):
  File "/opt/homebrew/lib/python3.9/site-packages/dbt/cli/requires.py", line 87, in wrapper
    result, success = func(*args, **kwargs)
  File "/opt/homebrew/lib/python3.9/site-packages/dbt/cli/requires.py", line 72, in wrapper
    return func(*args, **kwargs)
  File "/opt/homebrew/lib/python3.9/site-packages/dbt/cli/main.py", line 467, in init
    results = task.run()
  File "/opt/homebrew/lib/python3.9/site-packages/dbt/task/init.py", line 283, in run
    project_name = self.get_valid_project_name()
  File "/opt/homebrew/lib/python3.9/site-packages/dbt/task/init.py", line 246, in get_valid_project_name
    name = click.prompt("Enter a name for your project (letters, digits, underscore)")
  File "/opt/homebrew/lib/python3.9/site-packages/click/termui.py", line 164, in prompt
    value = prompt_func(prompt)
  File "/opt/homebrew/lib/python3.9/site-packages/click/termui.py", line 147, in prompt_func
    raise Abort() from None
click.exceptions.Abort

[0m14:14:33.591597 [debug] [MainThread]: Command `dbt init` failed at 14:14:33.591320 after 33.13 seconds
[0m14:14:33.592255 [debug] [MainThread]: Sending event: {'category': 'dbt', 'action': 'invocation', 'label': 'end', 'context': [<snowplow_tracker.self_describing_json.SelfDescribingJson object at 0x10622c430>, <snowplow_tracker.self_describing_json.SelfDescribingJson object at 0x1121a2a00>, <snowplow_tracker.self_describing_json.SelfDescribingJson object at 0x1121b0670>]}
[0m14:14:33.592832 [debug] [MainThread]: Flushing usage events
[0m14:14:52.577211 [debug] [MainThread]: Sending event: {'category': 'dbt', 'action': 'invocation', 'label': 'start', 'context': [<snowplow_tracker.self_describing_json.SelfDescribingJson object at 0x102154700>, <snowplow_tracker.self_describing_json.SelfDescribingJson object at 0x1052d83d0>, <snowplow_tracker.self_describing_json.SelfDescribingJson object at 0x1052d84c0>]}


============================== 14:14:52.581164 | 491ede27-d79d-498f-9195-adeb6e2d40fa ==============================
[0m14:14:52.581164 [info ] [MainThread]: Running with dbt=1.6.0
[0m14:14:52.581482 [debug] [MainThread]: running dbt with arguments {'printer_width': '80', 'indirect_selection': 'eager', 'log_cache_events': 'False', 'write_json': 'True', 'partial_parse': 'True', 'cache_selected_only': 'False', 'warn_error': 'None', 'debug': 'False', 'fail_fast': 'False', 'log_path': 'logs', 'profiles_dir': '/Users/anil.agrawal/.dbt', 'version_check': 'True', 'use_colors': 'True', 'use_experimental_parser': 'False', 'no_print': 'None', 'quiet': 'False', 'warn_error_options': 'WarnErrorOptions(include=[], exclude=[])', 'introspect': 'True', 'invocation_command': 'dbt init jaffle_shop', 'static_parser': 'True', 'target_path': 'None', 'log_format': 'default', 'send_anonymous_usage_stats': 'True'}
[0m14:14:52.582028 [debug] [MainThread]: Starter project path: /opt/homebrew/lib/python3.9/site-packages/dbt/include/starter_project
[0m14:14:52.586450 [info ] [MainThread]: 
Your new dbt project "jaffle_shop" was created!

For more information on how to configure the profiles.yml file,
please consult the dbt documentation here:

  https://docs.getdbt.com/docs/configure-your-profile

One more thing:

Need help? Don't hesitate to reach out to us via GitHub issues or on Slack:

  https://community.getdbt.com/

Happy modeling!

[0m14:14:52.586664 [info ] [MainThread]: Setting up your profile.
[0m14:15:11.313903 [debug] [MainThread]: Command `dbt init` succeeded at 14:15:11.312823 after 18.76 seconds
[0m14:15:11.316269 [debug] [MainThread]: Sending event: {'category': 'dbt', 'action': 'invocation', 'label': 'end', 'context': [<snowplow_tracker.self_describing_json.SelfDescribingJson object at 0x102154700>, <snowplow_tracker.self_describing_json.SelfDescribingJson object at 0x1052caf70>, <snowplow_tracker.self_describing_json.SelfDescribingJson object at 0x1052caca0>]}
[0m14:15:11.318370 [debug] [MainThread]: Flushing usage events
